# JRE version: Java(TM) SE Runtime Environment (16.0+36) (build 16+36-2231)
# Java VM: Java HotSpot(TM) 64-Bit Server VM (16+36-2231, mixed mode, sharing, tiered, compressed oops, g1 gc, windows-amd64)
GC Precious Log:
 CPUs: 12 total, 12 available
 Memory: 16334M
 Large Page Support: Disabled
 NUMA Support: Disabled
 Compressed Oops: Enabled (Zero based)
 Heap Region Size: 32M
 Heap Min Capacity: 512M
 Heap Initial Capacity: 512M
 Heap Max Capacity: 3G
 Pre-touch: Disabled
 Parallel Workers: 10
 Concurrent Workers: 3
 Concurrent Refinement Workers: 10
 Periodic GC: Disabled
Heap:
 garbage-first heap   total 1212416K, used 785552K [0x0000000740000000, 0x0000000800000000)
  region size 32768K, 17 young (557056K), 1 survivors (32768K)
 Metaspace       used 46356K, committed 47040K, reserved 1089536K
  class space    used 6530K, committed 6848K, reserved 1048576K
GC Heap History (20 events):
Event: 45.135 GC heap before
{Heap before GC invocations=72 (full 0):
 garbage-first heap   total 1212416K, used 851591K [0x0000000740000000, 0x0000000800000000)
  region size 32768K, 19 young (622592K), 2 survivors (65536K)
 Metaspace       used 45314K, committed 46016K, reserved 1089536K
  class space    used 6403K, committed 6720K, reserved 1048576K
}
Event: 45.144 GC heap after
{Heap after GC invocations=73 (full 0):
 garbage-first heap   total 1212416K, used 293712K [0x0000000740000000, 0x0000000800000000)
  region size 32768K, 2 young (65536K), 2 survivors (65536K)
 Metaspace       used 45314K, committed 46016K, reserved 1089536K
  class space    used 6403K, committed 6720K, reserved 1048576K
}
Event: 48.033 GC heap before
{Heap before GC invocations=73 (full 0):
 garbage-first heap   total 1212416K, used 850768K [0x0000000740000000, 0x0000000800000000)
  region size 32768K, 19 young (622592K), 2 survivors (65536K)
 Metaspace       used 45348K, committed 46016K, reserved 1089536K
  class space    used 6403K, committed 6720K, reserved 1048576K
}
Event: 48.042 GC heap after
{Heap after GC invocations=74 (full 0):
 garbage-first heap   total 1212416K, used 295962K [0x0000000740000000, 0x0000000800000000)
  region size 32768K, 2 young (65536K), 2 survivors (65536K)
 Metaspace       used 45348K, committed 46016K, reserved 1089536K
  class space    used 6403K, committed 6720K, reserved 1048576K
}
Event: 50.053 GC heap before
{Heap before GC invocations=74 (full 0):
 garbage-first heap   total 1212416K, used 853018K [0x0000000740000000, 0x0000000800000000)
  region size 32768K, 19 young (622592K), 2 survivors (65536K)
 Metaspace       used 45349K, committed 46016K, reserved 1089536K
  class space    used 6403K, committed 6720K, reserved 1048576K
}
Event: 50.062 GC heap after
{Heap after GC invocations=75 (full 0):
 garbage-first heap   total 1212416K, used 296107K [0x0000000740000000, 0x0000000800000000)
  region size 32768K, 1 young (32768K), 1 survivors (32768K)
 Metaspace       used 45349K, committed 46016K, reserved 1089536K
  class space    used 6403K, committed 6720K, reserved 1048576K
}
Event: 52.000 GC heap before
{Heap before GC invocations=75 (full 0):
 garbage-first heap   total 1212416K, used 885931K [0x0000000740000000, 0x0000000800000000)
  region size 32768K, 19 young (622592K), 1 survivors (32768K)
 Metaspace       used 45360K, committed 46016K, reserved 1089536K
  class space    used 6404K, committed 6720K, reserved 1048576K
}
Event: 52.006 GC heap after
{Heap after GC invocations=76 (full 0):
 garbage-first heap   total 1212416K, used 295213K [0x0000000740000000, 0x0000000800000000)
  region size 32768K, 1 young (32768K), 1 survivors (32768K)
 Metaspace       used 45360K, committed 46016K, reserved 1089536K
  class space    used 6404K, committed 6720K, reserved 1048576K
}
Event: 55.538 GC heap before
{Heap before GC invocations=76 (full 0):
 garbage-first heap   total 1212416K, used 885037K [0x0000000740000000, 0x0000000800000000)
  region size 32768K, 19 young (622592K), 1 survivors (32768K)
 Metaspace       used 45429K, committed 46080K, reserved 1089536K
  class space    used 6406K, committed 6720K, reserved 1048576K
}
Event: 55.544 GC heap after
{Heap after GC invocations=77 (full 0):
 garbage-first heap   total 1212416K, used 294653K [0x0000000740000000, 0x0000000800000000)
  region size 32768K, 1 young (32768K), 1 survivors (32768K)
 Metaspace       used 45429K, committed 46080K, reserved 1089536K
  class space    used 6406K, committed 6720K, reserved 1048576K
}
Event: 57.400 GC heap before
{Heap before GC invocations=77 (full 0):
 garbage-first heap   total 1212416K, used 884477K [0x0000000740000000, 0x0000000800000000)
  region size 32768K, 19 young (622592K), 1 survivors (32768K)
 Metaspace       used 45458K, committed 46080K, reserved 1089536K
  class space    used 6410K, committed 6720K, reserved 1048576K
}
Event: 57.405 GC heap after
{Heap after GC invocations=78 (full 0):
 garbage-first heap   total 1212416K, used 294904K [0x0000000740000000, 0x0000000800000000)
  region size 32768K, 1 young (32768K), 1 survivors (32768K)
 Metaspace       used 45458K, committed 46080K, reserved 1089536K
  class space    used 6410K, committed 6720K, reserved 1048576K
}
Event: 60.354 GC heap before
{Heap before GC invocations=78 (full 0):
 garbage-first heap   total 1212416K, used 884728K [0x0000000740000000, 0x0000000800000000)
  region size 32768K, 19 young (622592K), 1 survivors (32768K)
 Metaspace       used 45502K, committed 46144K, reserved 1089536K
  class space    used 6410K, committed 6720K, reserved 1048576K
}
Event: 60.358 GC heap after
{Heap after GC invocations=79 (full 0):
 garbage-first heap   total 1212416K, used 294353K [0x0000000740000000, 0x0000000800000000)
  region size 32768K, 1 young (32768K), 1 survivors (32768K)
 Metaspace       used 45502K, committed 46144K, reserved 1089536K
  class space    used 6410K, committed 6720K, reserved 1048576K
}
Event: 65.867 GC heap before
{Heap before GC invocations=79 (full 0):
 garbage-first heap   total 1212416K, used 884177K [0x0000000740000000, 0x0000000800000000)
  region size 32768K, 19 young (622592K), 1 survivors (32768K)
 Metaspace       used 45894K, committed 46528K, reserved 1089536K
  class space    used 6478K, committed 6784K, reserved 1048576K
}
Event: 65.870 GC heap after
{Heap after GC invocations=80 (full 0):
 garbage-first heap   total 1212416K, used 290696K [0x0000000740000000, 0x0000000800000000)
  region size 32768K, 1 young (32768K), 1 survivors (32768K)
 Metaspace       used 45894K, committed 46528K, reserved 1089536K
  class space    used 6478K, committed 6784K, reserved 1048576K
}
Event: 81.483 GC heap before
{Heap before GC invocations=80 (full 0):
 garbage-first heap   total 1212416K, used 880520K [0x0000000740000000, 0x0000000800000000)
  region size 32768K, 19 young (622592K), 1 survivors (32768K)
 Metaspace       used 46034K, committed 46784K, reserved 1089536K
  class space    used 6488K, committed 6848K, reserved 1048576K
}
Event: 81.486 GC heap after
{Heap after GC invocations=81 (full 0):
 garbage-first heap   total 1212416K, used 295032K [0x0000000740000000, 0x0000000800000000)
  region size 32768K, 1 young (32768K), 1 survivors (32768K)
 Metaspace       used 46034K, committed 46784K, reserved 1089536K
  class space    used 6488K, committed 6848K, reserved 1048576K
}
Event: 83.698 GC heap before
{Heap before GC invocations=81 (full 0):
 garbage-first heap   total 1212416K, used 884856K [0x0000000740000000, 0x0000000800000000)
  region size 32768K, 19 young (622592K), 1 survivors (32768K)
 Metaspace       used 46043K, committed 46784K, reserved 1089536K
  class space    used 6488K, committed 6848K, reserved 1048576K
}
Event: 83.700 GC heap after
{Heap after GC invocations=82 (full 0):
 garbage-first heap   total 1212416K, used 294032K [0x0000000740000000, 0x0000000800000000)
  region size 32768K, 1 young (32768K), 1 survivors (32768K)
 Metaspace       used 46043K, committed 46784K, reserved 1089536K
  class space    used 6488K, committed 6848K, reserved 1048576K
}

