# JRE version: Java(TM) SE Runtime Environment (16.0+36) (build 16+36-2231)
# Java VM: Java HotSpot(TM) 64-Bit Server VM (16+36-2231, mixed mode, sharing, tiered, compressed oops, g1 gc, windows-amd64)
GC Precious Log:
 CPUs: 12 total, 12 available
 Memory: 16334M
 Large Page Support: Disabled
 NUMA Support: Disabled
 Compressed Oops: Enabled (Zero based)
 Heap Region Size: 32M
 Heap Min Capacity: 512M
 Heap Initial Capacity: 512M
 Heap Max Capacity: 3G
 Pre-touch: Disabled
 Parallel Workers: 10
 Concurrent Workers: 3
 Concurrent Refinement Workers: 10
 Periodic GC: Disabled
Heap:
 garbage-first heap   total 983040K, used 366620K [0x0000000740000000, 0x0000000800000000)
  region size 32768K, 6 young (196608K), 1 survivors (32768K)
 Metaspace       used 45799K, committed 46528K, reserved 1089536K
  class space    used 6522K, committed 6848K, reserved 1048576K
GC Heap History (20 events):
Event: 46.824 GC heap before
{Heap before GC invocations=70 (full 0):
 garbage-first heap   total 983040K, used 694386K [0x0000000740000000, 0x0000000800000000)
  region size 32768K, 15 young (491520K), 1 survivors (32768K)
 Metaspace       used 45194K, committed 45888K, reserved 1089536K
  class space    used 6441K, committed 6784K, reserved 1048576K
}
Event: 46.825 GC heap after
{Heap after GC invocations=71 (full 0):
 garbage-first heap   total 983040K, used 234942K [0x0000000740000000, 0x0000000800000000)
  region size 32768K, 1 young (32768K), 1 survivors (32768K)
 Metaspace       used 45194K, committed 45888K, reserved 1089536K
  class space    used 6441K, committed 6784K, reserved 1048576K
}
Event: 47.608 GC heap before
{Heap before GC invocations=71 (full 0):
 garbage-first heap   total 983040K, used 693694K [0x0000000740000000, 0x0000000800000000)
  region size 32768K, 15 young (491520K), 1 survivors (32768K)
 Metaspace       used 45249K, committed 45952K, reserved 1089536K
  class space    used 6449K, committed 6784K, reserved 1048576K
}
Event: 47.610 GC heap after
{Heap after GC invocations=72 (full 0):
 garbage-first heap   total 983040K, used 236048K [0x0000000740000000, 0x0000000800000000)
  region size 32768K, 1 young (32768K), 1 survivors (32768K)
 Metaspace       used 45249K, committed 45952K, reserved 1089536K
  class space    used 6449K, committed 6784K, reserved 1048576K
}
Event: 48.399 GC heap before
{Heap before GC invocations=72 (full 0):
 garbage-first heap   total 983040K, used 694800K [0x0000000740000000, 0x0000000800000000)
  region size 32768K, 15 young (491520K), 1 survivors (32768K)
 Metaspace       used 45288K, committed 46016K, reserved 1089536K
  class space    used 6453K, committed 6784K, reserved 1048576K
}
Event: 48.400 GC heap after
{Heap after GC invocations=73 (full 0):
 garbage-first heap   total 983040K, used 235266K [0x0000000740000000, 0x0000000800000000)
  region size 32768K, 1 young (32768K), 1 survivors (32768K)
 Metaspace       used 45288K, committed 46016K, reserved 1089536K
  class space    used 6453K, committed 6784K, reserved 1048576K
}
Event: 49.155 GC heap before
{Heap before GC invocations=73 (full 0):
 garbage-first heap   total 983040K, used 694018K [0x0000000740000000, 0x0000000800000000)
  region size 32768K, 15 young (491520K), 1 survivors (32768K)
 Metaspace       used 45411K, committed 46208K, reserved 1089536K
  class space    used 6472K, committed 6848K, reserved 1048576K
}
Event: 49.156 GC heap after
{Heap after GC invocations=74 (full 0):
 garbage-first heap   total 983040K, used 235183K [0x0000000740000000, 0x0000000800000000)
  region size 32768K, 1 young (32768K), 1 survivors (32768K)
 Metaspace       used 45411K, committed 46208K, reserved 1089536K
  class space    used 6472K, committed 6848K, reserved 1048576K
}
Event: 49.934 GC heap before
{Heap before GC invocations=74 (full 0):
 garbage-first heap   total 983040K, used 693935K [0x0000000740000000, 0x0000000800000000)
  region size 32768K, 15 young (491520K), 1 survivors (32768K)
 Metaspace       used 45446K, committed 46272K, reserved 1089536K
  class space    used 6473K, committed 6848K, reserved 1048576K
}
Event: 49.935 GC heap after
{Heap after GC invocations=75 (full 0):
 garbage-first heap   total 983040K, used 235471K [0x0000000740000000, 0x0000000800000000)
  region size 32768K, 1 young (32768K), 1 survivors (32768K)
 Metaspace       used 45446K, committed 46272K, reserved 1089536K
  class space    used 6473K, committed 6848K, reserved 1048576K
}
Event: 50.711 GC heap before
{Heap before GC invocations=75 (full 0):
 garbage-first heap   total 983040K, used 694223K [0x0000000740000000, 0x0000000800000000)
  region size 32768K, 15 young (491520K), 1 survivors (32768K)
 Metaspace       used 45467K, committed 46272K, reserved 1089536K
  class space    used 6476K, committed 6848K, reserved 1048576K
}
Event: 50.713 GC heap after
{Heap after GC invocations=76 (full 0):
 garbage-first heap   total 983040K, used 235504K [0x0000000740000000, 0x0000000800000000)
  region size 32768K, 1 young (32768K), 1 survivors (32768K)
 Metaspace       used 45467K, committed 46272K, reserved 1089536K
  class space    used 6476K, committed 6848K, reserved 1048576K
}
Event: 51.490 GC heap before
{Heap before GC invocations=76 (full 0):
 garbage-first heap   total 983040K, used 694256K [0x0000000740000000, 0x0000000800000000)
  region size 32768K, 15 young (491520K), 1 survivors (32768K)
 Metaspace       used 45471K, committed 46272K, reserved 1089536K
  class space    used 6476K, committed 6848K, reserved 1048576K
}
Event: 51.492 GC heap after
{Heap after GC invocations=77 (full 0):
 garbage-first heap   total 983040K, used 236102K [0x0000000740000000, 0x0000000800000000)
  region size 32768K, 1 young (32768K), 1 survivors (32768K)
 Metaspace       used 45471K, committed 46272K, reserved 1089536K
  class space    used 6476K, committed 6848K, reserved 1048576K
}
Event: 52.270 GC heap before
{Heap before GC invocations=77 (full 0):
 garbage-first heap   total 983040K, used 694854K [0x0000000740000000, 0x0000000800000000)
  region size 32768K, 15 young (491520K), 1 survivors (32768K)
 Metaspace       used 45477K, committed 46272K, reserved 1089536K
  class space    used 6476K, committed 6848K, reserved 1048576K
}
Event: 52.271 GC heap after
{Heap after GC invocations=78 (full 0):
 garbage-first heap   total 983040K, used 235497K [0x0000000740000000, 0x0000000800000000)
  region size 32768K, 1 young (32768K), 1 survivors (32768K)
 Metaspace       used 45477K, committed 46272K, reserved 1089536K
  class space    used 6476K, committed 6848K, reserved 1048576K
}
Event: 53.045 GC heap before
{Heap before GC invocations=78 (full 0):
 garbage-first heap   total 983040K, used 694249K [0x0000000740000000, 0x0000000800000000)
  region size 32768K, 15 young (491520K), 1 survivors (32768K)
 Metaspace       used 45501K, committed 46272K, reserved 1089536K
  class space    used 6476K, committed 6848K, reserved 1048576K
}
Event: 53.047 GC heap after
{Heap after GC invocations=79 (full 0):
 garbage-first heap   total 983040K, used 236036K [0x0000000740000000, 0x0000000800000000)
  region size 32768K, 1 young (32768K), 1 survivors (32768K)
 Metaspace       used 45501K, committed 46272K, reserved 1089536K
  class space    used 6476K, committed 6848K, reserved 1048576K
}
Event: 53.827 GC heap before
{Heap before GC invocations=79 (full 0):
 garbage-first heap   total 983040K, used 694788K [0x0000000740000000, 0x0000000800000000)
  region size 32768K, 15 young (491520K), 1 survivors (32768K)
 Metaspace       used 45502K, committed 46272K, reserved 1089536K
  class space    used 6476K, committed 6848K, reserved 1048576K
}
Event: 53.829 GC heap after
{Heap after GC invocations=80 (full 0):
 garbage-first heap   total 983040K, used 235548K [0x0000000740000000, 0x0000000800000000)
  region size 32768K, 1 young (32768K), 1 survivors (32768K)
 Metaspace       used 45502K, committed 46272K, reserved 1089536K
  class space    used 6476K, committed 6848K, reserved 1048576K
}

