# JRE version: Java(TM) SE Runtime Environment (16.0+36) (build 16+36-2231)
# Java VM: Java HotSpot(TM) 64-Bit Server VM (16+36-2231, mixed mode, sharing, tiered, compressed oops, g1 gc, windows-amd64)
GC Precious Log:
 CPUs: 12 total, 12 available
 Memory: 16334M
 Large Page Support: Disabled
 NUMA Support: Disabled
 Compressed Oops: Enabled (Zero based)
 Heap Region Size: 32M
 Heap Min Capacity: 512M
 Heap Initial Capacity: 512M
 Heap Max Capacity: 3G
 Pre-touch: Disabled
 Parallel Workers: 10
 Concurrent Workers: 3
 Concurrent Refinement Workers: 10
 Periodic GC: Disabled
Heap:
 garbage-first heap   total 1343488K, used 321419K [0x0000000740000000, 0x0000000800000000)
  region size 32768K, 7 young (229376K), 1 survivors (32768K)
 Metaspace       used 33376K, committed 33728K, reserved 1081344K
  class space    used 4804K, committed 4992K, reserved 1048576K
GC Heap History (20 events):
Event: 8.440 GC heap before
{Heap before GC invocations=36 (full 0):
 garbage-first heap   total 1343488K, used 943101K [0x0000000740000000, 0x0000000800000000)
  region size 32768K, 24 young (786432K), 1 survivors (32768K)
 Metaspace       used 32276K, committed 32640K, reserved 1081344K
  class space    used 4698K, committed 4864K, reserved 1048576K
}
Event: 8.441 GC heap after
{Heap after GC invocations=37 (full 0):
 garbage-first heap   total 1343488K, used 189434K [0x0000000740000000, 0x0000000800000000)
  region size 32768K, 1 young (32768K), 1 survivors (32768K)
 Metaspace       used 32276K, committed 32640K, reserved 1081344K
  class space    used 4698K, committed 4864K, reserved 1048576K
}
Event: 8.512 GC heap before
{Heap before GC invocations=37 (full 0):
 garbage-first heap   total 1343488K, used 943098K [0x0000000740000000, 0x0000000800000000)
  region size 32768K, 24 young (786432K), 1 survivors (32768K)
 Metaspace       used 32276K, committed 32640K, reserved 1081344K
  class space    used 4698K, committed 4864K, reserved 1048576K
}
Event: 8.513 GC heap after
{Heap after GC invocations=38 (full 0):
 garbage-first heap   total 1343488K, used 189447K [0x0000000740000000, 0x0000000800000000)
  region size 32768K, 1 young (32768K), 1 survivors (32768K)
 Metaspace       used 32276K, committed 32640K, reserved 1081344K
  class space    used 4698K, committed 4864K, reserved 1048576K
}
Event: 8.584 GC heap before
{Heap before GC invocations=38 (full 0):
 garbage-first heap   total 1343488K, used 943111K [0x0000000740000000, 0x0000000800000000)
  region size 32768K, 24 young (786432K), 1 survivors (32768K)
 Metaspace       used 32279K, committed 32640K, reserved 1081344K
  class space    used 4699K, committed 4864K, reserved 1048576K
}
Event: 8.585 GC heap after
{Heap after GC invocations=39 (full 0):
 garbage-first heap   total 1343488K, used 189480K [0x0000000740000000, 0x0000000800000000)
  region size 32768K, 1 young (32768K), 1 survivors (32768K)
 Metaspace       used 32279K, committed 32640K, reserved 1081344K
  class space    used 4699K, committed 4864K, reserved 1048576K
}
Event: 8.662 GC heap before
{Heap before GC invocations=39 (full 0):
 garbage-first heap   total 1343488K, used 943144K [0x0000000740000000, 0x0000000800000000)
  region size 32768K, 24 young (786432K), 1 survivors (32768K)
 Metaspace       used 32281K, committed 32640K, reserved 1081344K
  class space    used 4699K, committed 4864K, reserved 1048576K
}
Event: 8.663 GC heap after
{Heap after GC invocations=40 (full 0):
 garbage-first heap   total 1343488K, used 189520K [0x0000000740000000, 0x0000000800000000)
  region size 32768K, 1 young (32768K), 1 survivors (32768K)
 Metaspace       used 32281K, committed 32640K, reserved 1081344K
  class space    used 4699K, committed 4864K, reserved 1048576K
}
Event: 8.755 GC heap before
{Heap before GC invocations=40 (full 0):
 garbage-first heap   total 1343488K, used 943184K [0x0000000740000000, 0x0000000800000000)
  region size 32768K, 24 young (786432K), 1 survivors (32768K)
 Metaspace       used 32281K, committed 32640K, reserved 1081344K
  class space    used 4699K, committed 4864K, reserved 1048576K
}
Event: 8.756 GC heap after
{Heap after GC invocations=41 (full 0):
 garbage-first heap   total 1343488K, used 189528K [0x0000000740000000, 0x0000000800000000)
  region size 32768K, 1 young (32768K), 1 survivors (32768K)
 Metaspace       used 32281K, committed 32640K, reserved 1081344K
  class space    used 4699K, committed 4864K, reserved 1048576K
}
Event: 8.834 GC heap before
{Heap before GC invocations=41 (full 0):
 garbage-first heap   total 1343488K, used 943192K [0x0000000740000000, 0x0000000800000000)
  region size 32768K, 24 young (786432K), 1 survivors (32768K)
 Metaspace       used 32281K, committed 32640K, reserved 1081344K
  class space    used 4699K, committed 4864K, reserved 1048576K
}
Event: 8.835 GC heap after
{Heap after GC invocations=42 (full 0):
 garbage-first heap   total 1343488K, used 189574K [0x0000000740000000, 0x0000000800000000)
  region size 32768K, 1 young (32768K), 1 survivors (32768K)
 Metaspace       used 32281K, committed 32640K, reserved 1081344K
  class space    used 4699K, committed 4864K, reserved 1048576K
}
Event: 8.912 GC heap before
{Heap before GC invocations=42 (full 0):
 garbage-first heap   total 1343488K, used 943238K [0x0000000740000000, 0x0000000800000000)
  region size 32768K, 24 young (786432K), 1 survivors (32768K)
 Metaspace       used 32281K, committed 32640K, reserved 1081344K
  class space    used 4699K, committed 4864K, reserved 1048576K
}
Event: 8.913 GC heap after
{Heap after GC invocations=43 (full 0):
 garbage-first heap   total 1343488K, used 189595K [0x0000000740000000, 0x0000000800000000)
  region size 32768K, 1 young (32768K), 1 survivors (32768K)
 Metaspace       used 32281K, committed 32640K, reserved 1081344K
  class space    used 4699K, committed 4864K, reserved 1048576K
}
Event: 8.998 GC heap before
{Heap before GC invocations=43 (full 0):
 garbage-first heap   total 1343488K, used 943259K [0x0000000740000000, 0x0000000800000000)
  region size 32768K, 24 young (786432K), 1 survivors (32768K)
 Metaspace       used 32289K, committed 32640K, reserved 1081344K
  class space    used 4702K, committed 4864K, reserved 1048576K
}
Event: 8.999 GC heap after
{Heap after GC invocations=44 (full 0):
 garbage-first heap   total 1343488K, used 189648K [0x0000000740000000, 0x0000000800000000)
  region size 32768K, 1 young (32768K), 1 survivors (32768K)
 Metaspace       used 32289K, committed 32640K, reserved 1081344K
  class space    used 4702K, committed 4864K, reserved 1048576K
}
Event: 9.728 GC heap before
{Heap before GC invocations=44 (full 0):
 garbage-first heap   total 1343488K, used 910544K [0x0000000740000000, 0x0000000800000000)
  region size 32768K, 24 young (786432K), 1 survivors (32768K)
 Metaspace       used 32911K, committed 33216K, reserved 1081344K
  class space    used 4756K, committed 4928K, reserved 1048576K
}
Event: 9.730 GC heap after
{Heap after GC invocations=45 (full 0):
 garbage-first heap   total 1343488K, used 190142K [0x0000000740000000, 0x0000000800000000)
  region size 32768K, 1 young (32768K), 1 survivors (32768K)
 Metaspace       used 32911K, committed 33216K, reserved 1081344K
  class space    used 4756K, committed 4928K, reserved 1048576K
}
Event: 10.384 GC heap before
{Heap before GC invocations=45 (full 0):
 garbage-first heap   total 1343488K, used 911038K [0x0000000740000000, 0x0000000800000000)
  region size 32768K, 24 young (786432K), 1 survivors (32768K)
 Metaspace       used 33004K, committed 33344K, reserved 1081344K
  class space    used 4769K, committed 4928K, reserved 1048576K
}
Event: 10.386 GC heap after
{Heap after GC invocations=46 (full 0):
 garbage-first heap   total 1343488K, used 190347K [0x0000000740000000, 0x0000000800000000)
  region size 32768K, 1 young (32768K), 1 survivors (32768K)
 Metaspace       used 33004K, committed 33344K, reserved 1081344K
  class space    used 4769K, committed 4928K, reserved 1048576K
}

