# JRE version: Java(TM) SE Runtime Environment (16.0+36) (build 16+36-2231)
# Java VM: Java HotSpot(TM) 64-Bit Server VM (16+36-2231, mixed mode, sharing, tiered, compressed oops, g1 gc, windows-amd64)
GC Precious Log:
 CPUs: 12 total, 12 available
 Memory: 16334M
 Large Page Support: Disabled
 NUMA Support: Disabled
 Compressed Oops: Enabled (Zero based)
 Heap Region Size: 32M
 Heap Min Capacity: 512M
 Heap Initial Capacity: 512M
 Heap Max Capacity: 3G
 Pre-touch: Disabled
 Parallel Workers: 10
 Concurrent Workers: 3
 Concurrent Refinement Workers: 10
 Periodic GC: Disabled
Heap:
 garbage-first heap   total 884736K, used 272767K [0x0000000740000000, 0x0000000800000000)
  region size 32768K, 3 young (98304K), 1 survivors (32768K)
 Metaspace       used 45477K, committed 46208K, reserved 1089536K
  class space    used 6485K, committed 6848K, reserved 1048576K
GC Heap History (20 events):
Event: 43.111 GC heap before
{Heap before GC invocations=63 (full 0):
 garbage-first heap   total 884736K, used 599875K [0x0000000740000000, 0x0000000800000000)
  region size 32768K, 12 young (393216K), 1 survivors (32768K)
 Metaspace       used 44885K, committed 45568K, reserved 1089536K
  class space    used 6406K, committed 6720K, reserved 1048576K
}
Event: 43.117 GC heap after
{Heap after GC invocations=64 (full 0):
 garbage-first heap   total 884736K, used 239049K [0x0000000740000000, 0x0000000800000000)
  region size 32768K, 1 young (32768K), 1 survivors (32768K)
 Metaspace       used 44885K, committed 45568K, reserved 1089536K
  class space    used 6406K, committed 6720K, reserved 1048576K
}
Event: 45.425 GC heap before
{Heap before GC invocations=64 (full 0):
 garbage-first heap   total 884736K, used 599497K [0x0000000740000000, 0x0000000800000000)
  region size 32768K, 12 young (393216K), 1 survivors (32768K)
 Metaspace       used 44902K, committed 45568K, reserved 1089536K
  class space    used 6406K, committed 6720K, reserved 1048576K
}
Event: 45.429 GC heap after
{Heap after GC invocations=65 (full 0):
 garbage-first heap   total 884736K, used 238586K [0x0000000740000000, 0x0000000800000000)
  region size 32768K, 1 young (32768K), 1 survivors (32768K)
 Metaspace       used 44902K, committed 45568K, reserved 1089536K
  class space    used 6406K, committed 6720K, reserved 1048576K
}
Event: 47.712 GC heap before
{Heap before GC invocations=65 (full 0):
 garbage-first heap   total 884736K, used 599034K [0x0000000740000000, 0x0000000800000000)
  region size 32768K, 12 young (393216K), 1 survivors (32768K)
 Metaspace       used 44918K, committed 45568K, reserved 1089536K
  class space    used 6406K, committed 6720K, reserved 1048576K
}
Event: 47.714 GC heap after
{Heap after GC invocations=66 (full 0):
 garbage-first heap   total 884736K, used 238809K [0x0000000740000000, 0x0000000800000000)
  region size 32768K, 1 young (32768K), 1 survivors (32768K)
 Metaspace       used 44918K, committed 45568K, reserved 1089536K
  class space    used 6406K, committed 6720K, reserved 1048576K
}
Event: 49.993 GC heap before
{Heap before GC invocations=66 (full 0):
 garbage-first heap   total 884736K, used 599257K [0x0000000740000000, 0x0000000800000000)
  region size 32768K, 12 young (393216K), 1 survivors (32768K)
 Metaspace       used 44936K, committed 45632K, reserved 1089536K
  class space    used 6407K, committed 6720K, reserved 1048576K
}
Event: 49.994 GC heap after
{Heap after GC invocations=67 (full 0):
 garbage-first heap   total 884736K, used 239173K [0x0000000740000000, 0x0000000800000000)
  region size 32768K, 1 young (32768K), 1 survivors (32768K)
 Metaspace       used 44936K, committed 45632K, reserved 1089536K
  class space    used 6407K, committed 6720K, reserved 1048576K
}
Event: 52.274 GC heap before
{Heap before GC invocations=67 (full 0):
 garbage-first heap   total 884736K, used 599621K [0x0000000740000000, 0x0000000800000000)
  region size 32768K, 12 young (393216K), 1 survivors (32768K)
 Metaspace       used 44963K, committed 45632K, reserved 1089536K
  class space    used 6407K, committed 6720K, reserved 1048576K
}
Event: 52.275 GC heap after
{Heap after GC invocations=68 (full 0):
 garbage-first heap   total 884736K, used 238569K [0x0000000740000000, 0x0000000800000000)
  region size 32768K, 1 young (32768K), 1 survivors (32768K)
 Metaspace       used 44963K, committed 45632K, reserved 1089536K
  class space    used 6407K, committed 6720K, reserved 1048576K
}
Event: 54.558 GC heap before
{Heap before GC invocations=68 (full 0):
 garbage-first heap   total 884736K, used 599017K [0x0000000740000000, 0x0000000800000000)
  region size 32768K, 12 young (393216K), 1 survivors (32768K)
 Metaspace       used 44968K, committed 45632K, reserved 1089536K
  class space    used 6407K, committed 6720K, reserved 1048576K
}
Event: 54.559 GC heap after
{Heap after GC invocations=69 (full 0):
 garbage-first heap   total 884736K, used 239045K [0x0000000740000000, 0x0000000800000000)
  region size 32768K, 1 young (32768K), 1 survivors (32768K)
 Metaspace       used 44968K, committed 45632K, reserved 1089536K
  class space    used 6407K, committed 6720K, reserved 1048576K
}
Event: 56.846 GC heap before
{Heap before GC invocations=69 (full 0):
 garbage-first heap   total 884736K, used 599493K [0x0000000740000000, 0x0000000800000000)
  region size 32768K, 12 young (393216K), 1 survivors (32768K)
 Metaspace       used 44989K, committed 45632K, reserved 1089536K
  class space    used 6409K, committed 6720K, reserved 1048576K
}
Event: 56.847 GC heap after
{Heap after GC invocations=70 (full 0):
 garbage-first heap   total 884736K, used 239575K [0x0000000740000000, 0x0000000800000000)
  region size 32768K, 1 young (32768K), 1 survivors (32768K)
 Metaspace       used 44989K, committed 45632K, reserved 1089536K
  class space    used 6409K, committed 6720K, reserved 1048576K
}
Event: 59.128 GC heap before
{Heap before GC invocations=70 (full 0):
 garbage-first heap   total 884736K, used 600023K [0x0000000740000000, 0x0000000800000000)
  region size 32768K, 12 young (393216K), 1 survivors (32768K)
 Metaspace       used 45005K, committed 45696K, reserved 1089536K
  class space    used 6410K, committed 6720K, reserved 1048576K
}
Event: 59.129 GC heap after
{Heap after GC invocations=71 (full 0):
 garbage-first heap   total 884736K, used 239146K [0x0000000740000000, 0x0000000800000000)
  region size 32768K, 1 young (32768K), 1 survivors (32768K)
 Metaspace       used 45005K, committed 45696K, reserved 1089536K
  class space    used 6410K, committed 6720K, reserved 1048576K
}
Event: 61.318 GC heap before
{Heap before GC invocations=71 (full 0):
 garbage-first heap   total 884736K, used 599594K [0x0000000740000000, 0x0000000800000000)
  region size 32768K, 12 young (393216K), 1 survivors (32768K)
 Metaspace       used 45172K, committed 45888K, reserved 1089536K
  class space    used 6438K, committed 6784K, reserved 1048576K
}
Event: 61.320 GC heap after
{Heap after GC invocations=72 (full 0):
 garbage-first heap   total 884736K, used 238965K [0x0000000740000000, 0x0000000800000000)
  region size 32768K, 1 young (32768K), 1 survivors (32768K)
 Metaspace       used 45172K, committed 45888K, reserved 1089536K
  class space    used 6438K, committed 6784K, reserved 1048576K
}
Event: 63.534 GC heap before
{Heap before GC invocations=72 (full 0):
 garbage-first heap   total 884736K, used 599413K [0x0000000740000000, 0x0000000800000000)
  region size 32768K, 12 young (393216K), 1 survivors (32768K)
 Metaspace       used 45200K, committed 45952K, reserved 1089536K
  class space    used 6438K, committed 6784K, reserved 1048576K
}
Event: 63.535 GC heap after
{Heap after GC invocations=73 (full 0):
 garbage-first heap   total 884736K, used 239999K [0x0000000740000000, 0x0000000800000000)
  region size 32768K, 1 young (32768K), 1 survivors (32768K)
 Metaspace       used 45200K, committed 45952K, reserved 1089536K
  class space    used 6438K, committed 6784K, reserved 1048576K
}

