# JRE version: Java(TM) SE Runtime Environment (16.0+36) (build 16+36-2231)
# Java VM: Java HotSpot(TM) 64-Bit Server VM (16+36-2231, mixed mode, sharing, tiered, compressed oops, g1 gc, windows-amd64)
GC Precious Log:
 CPUs: 12 total, 12 available
 Memory: 16334M
 Large Page Support: Disabled
 NUMA Support: Disabled
 Compressed Oops: Enabled (Zero based)
 Heap Region Size: 32M
 Heap Min Capacity: 512M
 Heap Initial Capacity: 512M
 Heap Max Capacity: 3G
 Pre-touch: Disabled
 Parallel Workers: 10
 Concurrent Workers: 3
 Concurrent Refinement Workers: 10
 Periodic GC: Disabled
Heap:
 garbage-first heap   total 884736K, used 240400K [0x0000000740000000, 0x0000000800000000)
  region size 32768K, 2 young (65536K), 1 survivors (32768K)
 Metaspace       used 44874K, committed 45568K, reserved 1089536K
  class space    used 6407K, committed 6720K, reserved 1048576K
GC Heap History (20 events):
Event: 30.825 GC heap before
{Heap before GC invocations=67 (full 0):
 garbage-first heap   total 884736K, used 598200K [0x0000000740000000, 0x0000000800000000)
  region size 32768K, 12 young (393216K), 1 survivors (32768K)
 Metaspace       used 43626K, committed 44352K, reserved 1089536K
  class space    used 6320K, committed 6656K, reserved 1048576K
}
Event: 30.834 GC heap after
{Heap after GC invocations=68 (full 0):
 garbage-first heap   total 884736K, used 241268K [0x0000000740000000, 0x0000000800000000)
  region size 32768K, 2 young (65536K), 2 survivors (65536K)
 Metaspace       used 43626K, committed 44352K, reserved 1089536K
  class space    used 6320K, committed 6656K, reserved 1048576K
}
Event: 31.260 GC heap before
{Heap before GC invocations=68 (full 0):
 garbage-first heap   total 884736K, used 568948K [0x0000000740000000, 0x0000000800000000)
  region size 32768K, 12 young (393216K), 2 survivors (65536K)
 Metaspace       used 43797K, committed 44544K, reserved 1089536K
  class space    used 6331K, committed 6656K, reserved 1048576K
}
Event: 31.267 GC heap after
{Heap after GC invocations=69 (full 0):
 garbage-first heap   total 884736K, used 241375K [0x0000000740000000, 0x0000000800000000)
  region size 32768K, 1 young (32768K), 1 survivors (32768K)
 Metaspace       used 43797K, committed 44544K, reserved 1089536K
  class space    used 6331K, committed 6656K, reserved 1048576K
}
Event: 31.856 GC heap before
{Heap before GC invocations=69 (full 0):
 garbage-first heap   total 884736K, used 601823K [0x0000000740000000, 0x0000000800000000)
  region size 32768K, 12 young (393216K), 1 survivors (32768K)
 Metaspace       used 43895K, committed 44608K, reserved 1089536K
  class space    used 6332K, committed 6656K, reserved 1048576K
}
Event: 31.861 GC heap after
{Heap after GC invocations=70 (full 0):
 garbage-first heap   total 884736K, used 242046K [0x0000000740000000, 0x0000000800000000)
  region size 32768K, 1 young (32768K), 1 survivors (32768K)
 Metaspace       used 43895K, committed 44608K, reserved 1089536K
  class space    used 6332K, committed 6656K, reserved 1048576K
}
Event: 32.418 GC heap before
{Heap before GC invocations=70 (full 0):
 garbage-first heap   total 884736K, used 602494K [0x0000000740000000, 0x0000000800000000)
  region size 32768K, 12 young (393216K), 1 survivors (32768K)
 Metaspace       used 43973K, committed 44672K, reserved 1089536K
  class space    used 6333K, committed 6656K, reserved 1048576K
}
Event: 32.423 GC heap after
{Heap after GC invocations=71 (full 0):
 garbage-first heap   total 884736K, used 241524K [0x0000000740000000, 0x0000000800000000)
  region size 32768K, 1 young (32768K), 1 survivors (32768K)
 Metaspace       used 43973K, committed 44672K, reserved 1089536K
  class space    used 6333K, committed 6656K, reserved 1048576K
}
Event: 32.917 GC heap before
{Heap before GC invocations=71 (full 0):
 garbage-first heap   total 884736K, used 601972K [0x0000000740000000, 0x0000000800000000)
  region size 32768K, 12 young (393216K), 1 survivors (32768K)
 Metaspace       used 44117K, committed 44800K, reserved 1089536K
  class space    used 6334K, committed 6656K, reserved 1048576K
}
Event: 32.922 GC heap after
{Heap after GC invocations=72 (full 0):
 garbage-first heap   total 884736K, used 241443K [0x0000000740000000, 0x0000000800000000)
  region size 32768K, 1 young (32768K), 1 survivors (32768K)
 Metaspace       used 44117K, committed 44800K, reserved 1089536K
  class space    used 6334K, committed 6656K, reserved 1048576K
}
Event: 33.520 GC heap before
{Heap before GC invocations=72 (full 0):
 garbage-first heap   total 884736K, used 601891K [0x0000000740000000, 0x0000000800000000)
  region size 32768K, 12 young (393216K), 1 survivors (32768K)
 Metaspace       used 44209K, committed 44928K, reserved 1089536K
  class space    used 6334K, committed 6656K, reserved 1048576K
}
Event: 33.525 GC heap after
{Heap after GC invocations=73 (full 0):
 garbage-first heap   total 884736K, used 240132K [0x0000000740000000, 0x0000000800000000)
  region size 32768K, 1 young (32768K), 1 survivors (32768K)
 Metaspace       used 44209K, committed 44928K, reserved 1089536K
  class space    used 6334K, committed 6656K, reserved 1048576K
}
Event: 34.117 GC heap before
{Heap before GC invocations=73 (full 0):
 garbage-first heap   total 884736K, used 600580K [0x0000000740000000, 0x0000000800000000)
  region size 32768K, 12 young (393216K), 1 survivors (32768K)
 Metaspace       used 44307K, committed 44992K, reserved 1089536K
  class space    used 6336K, committed 6656K, reserved 1048576K
}
Event: 34.123 GC heap after
{Heap after GC invocations=74 (full 0):
 garbage-first heap   total 884736K, used 241060K [0x0000000740000000, 0x0000000800000000)
  region size 32768K, 1 young (32768K), 1 survivors (32768K)
 Metaspace       used 44307K, committed 44992K, reserved 1089536K
  class space    used 6336K, committed 6656K, reserved 1048576K
}
Event: 35.072 GC heap before
{Heap before GC invocations=74 (full 0):
 garbage-first heap   total 884736K, used 601508K [0x0000000740000000, 0x0000000800000000)
  region size 32768K, 12 young (393216K), 1 survivors (32768K)
 Metaspace       used 44324K, committed 44992K, reserved 1089536K
  class space    used 6337K, committed 6656K, reserved 1048576K
}
Event: 35.077 GC heap after
{Heap after GC invocations=75 (full 0):
 garbage-first heap   total 884736K, used 240114K [0x0000000740000000, 0x0000000800000000)
  region size 32768K, 1 young (32768K), 1 survivors (32768K)
 Metaspace       used 44324K, committed 44992K, reserved 1089536K
  class space    used 6337K, committed 6656K, reserved 1048576K
}
Event: 36.804 GC heap before
{Heap before GC invocations=75 (full 0):
 garbage-first heap   total 884736K, used 600562K [0x0000000740000000, 0x0000000800000000)
  region size 32768K, 12 young (393216K), 1 survivors (32768K)
 Metaspace       used 44564K, committed 45248K, reserved 1089536K
  class space    used 6361K, committed 6656K, reserved 1048576K
}
Event: 36.809 GC heap after
{Heap after GC invocations=76 (full 0):
 garbage-first heap   total 884736K, used 240341K [0x0000000740000000, 0x0000000800000000)
  region size 32768K, 1 young (32768K), 1 survivors (32768K)
 Metaspace       used 44564K, committed 45248K, reserved 1089536K
  class space    used 6361K, committed 6656K, reserved 1048576K
}
Event: 37.413 GC heap before
{Heap before GC invocations=76 (full 0):
 garbage-first heap   total 884736K, used 600789K [0x0000000740000000, 0x0000000800000000)
  region size 32768K, 12 young (393216K), 1 survivors (32768K)
 Metaspace       used 44598K, committed 45248K, reserved 1089536K
  class space    used 6361K, committed 6656K, reserved 1048576K
}
Event: 37.418 GC heap after
{Heap after GC invocations=77 (full 0):
 garbage-first heap   total 884736K, used 240400K [0x0000000740000000, 0x0000000800000000)
  region size 32768K, 1 young (32768K), 1 survivors (32768K)
 Metaspace       used 44598K, committed 45248K, reserved 1089536K
  class space    used 6361K, committed 6656K, reserved 1048576K
}

