# JRE version: Java(TM) SE Runtime Environment (16.0+36) (build 16+36-2231)
# Java VM: Java HotSpot(TM) 64-Bit Server VM (16+36-2231, mixed mode, sharing, tiered, compressed oops, g1 gc, windows-amd64)
GC Precious Log:
 CPUs: 12 total, 12 available
 Memory: 16334M
 Large Page Support: Disabled
 NUMA Support: Disabled
 Compressed Oops: Enabled (Zero based)
 Heap Region Size: 32M
 Heap Min Capacity: 512M
 Heap Initial Capacity: 512M
 Heap Max Capacity: 3G
 Pre-touch: Disabled
 Parallel Workers: 10
 Concurrent Workers: 3
 Concurrent Refinement Workers: 10
 Periodic GC: Disabled
Heap:
 garbage-first heap   total 1376256K, used 485006K [0x0000000740000000, 0x0000000800000000)
  region size 32768K, 12 young (393216K), 1 survivors (32768K)
 Metaspace       used 32772K, committed 33088K, reserved 1081344K
  class space    used 4772K, committed 4928K, reserved 1048576K
GC Heap History (20 events):
Event: 6.770 GC heap before
{Heap before GC invocations=30 (full 0):
 garbage-first heap   total 1376256K, used 975674K [0x0000000740000000, 0x0000000800000000)
  region size 32768K, 25 young (819200K), 1 survivors (32768K)
 Metaspace       used 31769K, committed 32128K, reserved 1081344K
  class space    used 4680K, committed 4864K, reserved 1048576K
}
Event: 6.774 GC heap after
{Heap after GC invocations=31 (full 0):
 garbage-first heap   total 1376256K, used 189462K [0x0000000740000000, 0x0000000800000000)
  region size 32768K, 1 young (32768K), 1 survivors (32768K)
 Metaspace       used 31769K, committed 32128K, reserved 1081344K
  class space    used 4680K, committed 4864K, reserved 1048576K
}
Event: 6.838 GC heap before
{Heap before GC invocations=31 (full 0):
 garbage-first heap   total 1376256K, used 975894K [0x0000000740000000, 0x0000000800000000)
  region size 32768K, 25 young (819200K), 1 survivors (32768K)
 Metaspace       used 31769K, committed 32128K, reserved 1081344K
  class space    used 4680K, committed 4864K, reserved 1048576K
}
Event: 6.840 GC heap after
{Heap after GC invocations=32 (full 0):
 garbage-first heap   total 1376256K, used 189478K [0x0000000740000000, 0x0000000800000000)
  region size 32768K, 1 young (32768K), 1 survivors (32768K)
 Metaspace       used 31769K, committed 32128K, reserved 1081344K
  class space    used 4680K, committed 4864K, reserved 1048576K
}
Event: 6.901 GC heap before
{Heap before GC invocations=32 (full 0):
 garbage-first heap   total 1376256K, used 975910K [0x0000000740000000, 0x0000000800000000)
  region size 32768K, 25 young (819200K), 1 survivors (32768K)
 Metaspace       used 31770K, committed 32128K, reserved 1081344K
  class space    used 4680K, committed 4864K, reserved 1048576K
}
Event: 6.902 GC heap after
{Heap after GC invocations=33 (full 0):
 garbage-first heap   total 1376256K, used 189417K [0x0000000740000000, 0x0000000800000000)
  region size 32768K, 1 young (32768K), 1 survivors (32768K)
 Metaspace       used 31770K, committed 32128K, reserved 1081344K
  class space    used 4680K, committed 4864K, reserved 1048576K
}
Event: 6.967 GC heap before
{Heap before GC invocations=33 (full 0):
 garbage-first heap   total 1376256K, used 975849K [0x0000000740000000, 0x0000000800000000)
  region size 32768K, 25 young (819200K), 1 survivors (32768K)
 Metaspace       used 31770K, committed 32128K, reserved 1081344K
  class space    used 4680K, committed 4864K, reserved 1048576K
}
Event: 6.968 GC heap after
{Heap after GC invocations=34 (full 0):
 garbage-first heap   total 1376256K, used 189451K [0x0000000740000000, 0x0000000800000000)
  region size 32768K, 1 young (32768K), 1 survivors (32768K)
 Metaspace       used 31770K, committed 32128K, reserved 1081344K
  class space    used 4680K, committed 4864K, reserved 1048576K
}
Event: 7.032 GC heap before
{Heap before GC invocations=34 (full 0):
 garbage-first heap   total 1376256K, used 975883K [0x0000000740000000, 0x0000000800000000)
  region size 32768K, 25 young (819200K), 1 survivors (32768K)
 Metaspace       used 31772K, committed 32128K, reserved 1081344K
  class space    used 4680K, committed 4864K, reserved 1048576K
}
Event: 7.033 GC heap after
{Heap after GC invocations=35 (full 0):
 garbage-first heap   total 1376256K, used 189463K [0x0000000740000000, 0x0000000800000000)
  region size 32768K, 1 young (32768K), 1 survivors (32768K)
 Metaspace       used 31772K, committed 32128K, reserved 1081344K
  class space    used 4680K, committed 4864K, reserved 1048576K
}
Event: 7.110 GC heap before
{Heap before GC invocations=35 (full 0):
 garbage-first heap   total 1376256K, used 975895K [0x0000000740000000, 0x0000000800000000)
  region size 32768K, 25 young (819200K), 1 survivors (32768K)
 Metaspace       used 31772K, committed 32128K, reserved 1081344K
  class space    used 4680K, committed 4864K, reserved 1048576K
}
Event: 7.111 GC heap after
{Heap after GC invocations=36 (full 0):
 garbage-first heap   total 1376256K, used 189503K [0x0000000740000000, 0x0000000800000000)
  region size 32768K, 1 young (32768K), 1 survivors (32768K)
 Metaspace       used 31772K, committed 32128K, reserved 1081344K
  class space    used 4680K, committed 4864K, reserved 1048576K
}
Event: 7.179 GC heap before
{Heap before GC invocations=36 (full 0):
 garbage-first heap   total 1376256K, used 975935K [0x0000000740000000, 0x0000000800000000)
  region size 32768K, 25 young (819200K), 1 survivors (32768K)
 Metaspace       used 31772K, committed 32128K, reserved 1081344K
  class space    used 4680K, committed 4864K, reserved 1048576K
}
Event: 7.180 GC heap after
{Heap after GC invocations=37 (full 0):
 garbage-first heap   total 1376256K, used 189529K [0x0000000740000000, 0x0000000800000000)
  region size 32768K, 1 young (32768K), 1 survivors (32768K)
 Metaspace       used 31772K, committed 32128K, reserved 1081344K
  class space    used 4680K, committed 4864K, reserved 1048576K
}
Event: 7.245 GC heap before
{Heap before GC invocations=37 (full 0):
 garbage-first heap   total 1376256K, used 975961K [0x0000000740000000, 0x0000000800000000)
  region size 32768K, 25 young (819200K), 1 survivors (32768K)
 Metaspace       used 31773K, committed 32128K, reserved 1081344K
  class space    used 4680K, committed 4864K, reserved 1048576K
}
Event: 7.246 GC heap after
{Heap after GC invocations=38 (full 0):
 garbage-first heap   total 1376256K, used 189582K [0x0000000740000000, 0x0000000800000000)
  region size 32768K, 1 young (32768K), 1 survivors (32768K)
 Metaspace       used 31773K, committed 32128K, reserved 1081344K
  class space    used 4680K, committed 4864K, reserved 1048576K
}
Event: 7.823 GC heap before
{Heap before GC invocations=38 (full 0):
 garbage-first heap   total 1376256K, used 943246K [0x0000000740000000, 0x0000000800000000)
  region size 32768K, 25 young (819200K), 1 survivors (32768K)
 Metaspace       used 32414K, committed 32768K, reserved 1081344K
  class space    used 4737K, committed 4928K, reserved 1048576K
}
Event: 7.824 GC heap after
{Heap after GC invocations=39 (full 0):
 garbage-first heap   total 1376256K, used 190587K [0x0000000740000000, 0x0000000800000000)
  region size 32768K, 1 young (32768K), 1 survivors (32768K)
 Metaspace       used 32414K, committed 32768K, reserved 1081344K
  class space    used 4737K, committed 4928K, reserved 1048576K
}
Event: 8.303 GC heap before
{Heap before GC invocations=39 (full 0):
 garbage-first heap   total 1376256K, used 944251K [0x0000000740000000, 0x0000000800000000)
  region size 32768K, 25 young (819200K), 1 survivors (32768K)
 Metaspace       used 32498K, committed 32832K, reserved 1081344K
  class space    used 4748K, committed 4928K, reserved 1048576K
}
Event: 8.304 GC heap after
{Heap after GC invocations=40 (full 0):
 garbage-first heap   total 1376256K, used 190094K [0x0000000740000000, 0x0000000800000000)
  region size 32768K, 1 young (32768K), 1 survivors (32768K)
 Metaspace       used 32498K, committed 32832K, reserved 1081344K
  class space    used 4748K, committed 4928K, reserved 1048576K
}

