# JRE version: Java(TM) SE Runtime Environment (16.0+36) (build 16+36-2231)
# Java VM: Java HotSpot(TM) 64-Bit Server VM (16+36-2231, mixed mode, sharing, tiered, compressed oops, g1 gc, windows-amd64)
GC Precious Log:
 CPUs: 12 total, 12 available
 Memory: 16334M
 Large Page Support: Disabled
 NUMA Support: Disabled
 Compressed Oops: Enabled (Zero based)
 Heap Region Size: 32M
 Heap Min Capacity: 512M
 Heap Initial Capacity: 512M
 Heap Max Capacity: 3G
 Pre-touch: Disabled
 Parallel Workers: 10
 Concurrent Workers: 3
 Concurrent Refinement Workers: 10
 Periodic GC: Disabled
Heap:
 garbage-first heap   total 1310720K, used 742349K [0x0000000500000000, 0x00000005c0000000)
  region size 32768K, 17 young (557056K), 1 survivors (32768K)
 Metaspace       used 44471K, committed 45120K, reserved 1089536K
  class space    used 6307K, committed 6592K, reserved 1048576K
GC Heap History (20 events):
Event: 45.548 GC heap before
{Heap before GC invocations=68 (full 0):
 garbage-first heap   total 1310720K, used 939174K [0x0000000500000000, 0x00000005c0000000)
  region size 32768K, 22 young (720896K), 1 survivors (32768K)
 Metaspace       used 44392K, committed 45056K, reserved 1089536K
  class space    used 6305K, committed 6592K, reserved 1048576K
}
Event: 45.549 GC heap after
{Heap after GC invocations=69 (full 0):
 garbage-first heap   total 1310720K, used 250924K [0x0000000500000000, 0x00000005c0000000)
  region size 32768K, 1 young (32768K), 1 survivors (32768K)
 Metaspace       used 44392K, committed 45056K, reserved 1089536K
  class space    used 6305K, committed 6592K, reserved 1048576K
}
Event: 46.733 GC heap before
{Heap before GC invocations=69 (full 0):
 garbage-first heap   total 1310720K, used 939052K [0x0000000500000000, 0x00000005c0000000)
  region size 32768K, 22 young (720896K), 1 survivors (32768K)
 Metaspace       used 44396K, committed 45056K, reserved 1089536K
  class space    used 6306K, committed 6592K, reserved 1048576K
}
Event: 46.734 GC heap after
{Heap after GC invocations=70 (full 0):
 garbage-first heap   total 1310720K, used 250865K [0x0000000500000000, 0x00000005c0000000)
  region size 32768K, 1 young (32768K), 1 survivors (32768K)
 Metaspace       used 44396K, committed 45056K, reserved 1089536K
  class space    used 6306K, committed 6592K, reserved 1048576K
}
Event: 47.914 GC heap before
{Heap before GC invocations=70 (full 0):
 garbage-first heap   total 1310720K, used 938993K [0x0000000500000000, 0x00000005c0000000)
  region size 32768K, 22 young (720896K), 1 survivors (32768K)
 Metaspace       used 44397K, committed 45056K, reserved 1089536K
  class space    used 6306K, committed 6592K, reserved 1048576K
}
Event: 47.915 GC heap after
{Heap after GC invocations=71 (full 0):
 garbage-first heap   total 1310720K, used 250582K [0x0000000500000000, 0x00000005c0000000)
  region size 32768K, 1 young (32768K), 1 survivors (32768K)
 Metaspace       used 44397K, committed 45056K, reserved 1089536K
  class space    used 6306K, committed 6592K, reserved 1048576K
}
Event: 49.116 GC heap before
{Heap before GC invocations=71 (full 0):
 garbage-first heap   total 1310720K, used 938710K [0x0000000500000000, 0x00000005c0000000)
  region size 32768K, 22 young (720896K), 1 survivors (32768K)
 Metaspace       used 44397K, committed 45056K, reserved 1089536K
  class space    used 6306K, committed 6592K, reserved 1048576K
}
Event: 49.118 GC heap after
{Heap after GC invocations=72 (full 0):
 garbage-first heap   total 1310720K, used 250634K [0x0000000500000000, 0x00000005c0000000)
  region size 32768K, 1 young (32768K), 1 survivors (32768K)
 Metaspace       used 44397K, committed 45056K, reserved 1089536K
  class space    used 6306K, committed 6592K, reserved 1048576K
}
Event: 50.319 GC heap before
{Heap before GC invocations=72 (full 0):
 garbage-first heap   total 1310720K, used 938762K [0x0000000500000000, 0x00000005c0000000)
  region size 32768K, 22 young (720896K), 1 survivors (32768K)
 Metaspace       used 44414K, committed 45056K, reserved 1089536K
  class space    used 6306K, committed 6592K, reserved 1048576K
}
Event: 50.321 GC heap after
{Heap after GC invocations=73 (full 0):
 garbage-first heap   total 1310720K, used 250627K [0x0000000500000000, 0x00000005c0000000)
  region size 32768K, 1 young (32768K), 1 survivors (32768K)
 Metaspace       used 44414K, committed 45056K, reserved 1089536K
  class space    used 6306K, committed 6592K, reserved 1048576K
}
Event: 51.521 GC heap before
{Heap before GC invocations=73 (full 0):
 garbage-first heap   total 1310720K, used 938755K [0x0000000500000000, 0x00000005c0000000)
  region size 32768K, 22 young (720896K), 1 survivors (32768K)
 Metaspace       used 44427K, committed 45056K, reserved 1089536K
  class space    used 6306K, committed 6592K, reserved 1048576K
}
Event: 51.523 GC heap after
{Heap after GC invocations=74 (full 0):
 garbage-first heap   total 1310720K, used 250597K [0x0000000500000000, 0x00000005c0000000)
  region size 32768K, 1 young (32768K), 1 survivors (32768K)
 Metaspace       used 44427K, committed 45056K, reserved 1089536K
  class space    used 6306K, committed 6592K, reserved 1048576K
}
Event: 65.834 GC heap before
{Heap before GC invocations=74 (full 0):
 garbage-first heap   total 1310720K, used 938725K [0x0000000500000000, 0x00000005c0000000)
  region size 32768K, 22 young (720896K), 1 survivors (32768K)
 Metaspace       used 44441K, committed 45056K, reserved 1089536K
  class space    used 6307K, committed 6592K, reserved 1048576K
}
Event: 65.835 GC heap after
{Heap after GC invocations=75 (full 0):
 garbage-first heap   total 1310720K, used 251143K [0x0000000500000000, 0x00000005c0000000)
  region size 32768K, 1 young (32768K), 1 survivors (32768K)
 Metaspace       used 44441K, committed 45056K, reserved 1089536K
  class space    used 6307K, committed 6592K, reserved 1048576K
}
Event: 69.582 GC heap before
{Heap before GC invocations=75 (full 0):
 garbage-first heap   total 1310720K, used 939271K [0x0000000500000000, 0x00000005c0000000)
  region size 32768K, 22 young (720896K), 1 survivors (32768K)
 Metaspace       used 44450K, committed 45056K, reserved 1089536K
  class space    used 6307K, committed 6592K, reserved 1048576K
}
Event: 69.584 GC heap after
{Heap after GC invocations=76 (full 0):
 garbage-first heap   total 1310720K, used 250992K [0x0000000500000000, 0x00000005c0000000)
  region size 32768K, 1 young (32768K), 1 survivors (32768K)
 Metaspace       used 44450K, committed 45056K, reserved 1089536K
  class space    used 6307K, committed 6592K, reserved 1048576K
}
Event: 78.246 GC heap before
{Heap before GC invocations=76 (full 0):
 garbage-first heap   total 1310720K, used 939120K [0x0000000500000000, 0x00000005c0000000)
  region size 32768K, 22 young (720896K), 1 survivors (32768K)
 Metaspace       used 44465K, committed 45120K, reserved 1089536K
  class space    used 6307K, committed 6592K, reserved 1048576K
}
Event: 78.248 GC heap after
{Heap after GC invocations=77 (full 0):
 garbage-first heap   total 1310720K, used 250516K [0x0000000500000000, 0x00000005c0000000)
  region size 32768K, 1 young (32768K), 1 survivors (32768K)
 Metaspace       used 44465K, committed 45120K, reserved 1089536K
  class space    used 6307K, committed 6592K, reserved 1048576K
}
Event: 80.727 GC heap before
{Heap before GC invocations=77 (full 0):
 garbage-first heap   total 1310720K, used 938644K [0x0000000500000000, 0x00000005c0000000)
  region size 32768K, 22 young (720896K), 1 survivors (32768K)
 Metaspace       used 44470K, committed 45120K, reserved 1089536K
  class space    used 6307K, committed 6592K, reserved 1048576K
}
Event: 80.728 GC heap after
{Heap after GC invocations=78 (full 0):
 garbage-first heap   total 1310720K, used 250829K [0x0000000500000000, 0x00000005c0000000)
  region size 32768K, 1 young (32768K), 1 survivors (32768K)
 Metaspace       used 44470K, committed 45120K, reserved 1089536K
  class space    used 6307K, committed 6592K, reserved 1048576K
}

