# JRE version: Java(TM) SE Runtime Environment (16.0+36) (build 16+36-2231)
# Java VM: Java HotSpot(TM) 64-Bit Server VM (16+36-2231, mixed mode, sharing, tiered, compressed oops, g1 gc, windows-amd64)
GC Precious Log:
 CPUs: 12 total, 12 available
 Memory: 16334M
 Large Page Support: Disabled
 NUMA Support: Disabled
 Compressed Oops: Enabled (Zero based)
 Heap Region Size: 32M
 Heap Min Capacity: 512M
 Heap Initial Capacity: 512M
 Heap Max Capacity: 3G
 Pre-touch: Disabled
 Parallel Workers: 10
 Concurrent Workers: 3
 Concurrent Refinement Workers: 10
 Periodic GC: Disabled
Heap:
 garbage-first heap   total 884736K, used 305367K [0x0000000740000000, 0x0000000800000000)
  region size 32768K, 4 young (131072K), 1 survivors (32768K)
 Metaspace       used 44802K, committed 45440K, reserved 1089536K
  class space    used 6419K, committed 6720K, reserved 1048576K
GC Heap History (20 events):
Event: 19.038 GC heap before
{Heap before GC invocations=56 (full 0):
 garbage-first heap   total 884736K, used 600796K [0x0000000740000000, 0x0000000800000000)
  region size 32768K, 12 young (393216K), 1 survivors (32768K)
 Metaspace       used 44153K, committed 44800K, reserved 1089536K
  class space    used 6360K, committed 6656K, reserved 1048576K
}
Event: 19.042 GC heap after
{Heap after GC invocations=57 (full 0):
 garbage-first heap   total 884736K, used 240254K [0x0000000740000000, 0x0000000800000000)
  region size 32768K, 1 young (32768K), 1 survivors (32768K)
 Metaspace       used 44153K, committed 44800K, reserved 1089536K
  class space    used 6360K, committed 6656K, reserved 1048576K
}
Event: 19.620 GC heap before
{Heap before GC invocations=57 (full 0):
 garbage-first heap   total 884736K, used 600702K [0x0000000740000000, 0x0000000800000000)
  region size 32768K, 12 young (393216K), 1 survivors (32768K)
 Metaspace       used 44199K, committed 44864K, reserved 1089536K
  class space    used 6360K, committed 6656K, reserved 1048576K
}
Event: 19.625 GC heap after
{Heap after GC invocations=58 (full 0):
 garbage-first heap   total 884736K, used 239713K [0x0000000740000000, 0x0000000800000000)
  region size 32768K, 1 young (32768K), 1 survivors (32768K)
 Metaspace       used 44199K, committed 44864K, reserved 1089536K
  class space    used 6360K, committed 6656K, reserved 1048576K
}
Event: 20.218 GC heap before
{Heap before GC invocations=58 (full 0):
 garbage-first heap   total 884736K, used 600161K [0x0000000740000000, 0x0000000800000000)
  region size 32768K, 12 young (393216K), 1 survivors (32768K)
 Metaspace       used 44338K, committed 44992K, reserved 1089536K
  class space    used 6364K, committed 6656K, reserved 1048576K
}
Event: 20.223 GC heap after
{Heap after GC invocations=59 (full 0):
 garbage-first heap   total 884736K, used 240188K [0x0000000740000000, 0x0000000800000000)
  region size 32768K, 1 young (32768K), 1 survivors (32768K)
 Metaspace       used 44338K, committed 44992K, reserved 1089536K
  class space    used 6364K, committed 6656K, reserved 1048576K
}
Event: 20.816 GC heap before
{Heap before GC invocations=59 (full 0):
 garbage-first heap   total 884736K, used 600636K [0x0000000740000000, 0x0000000800000000)
  region size 32768K, 12 young (393216K), 1 survivors (32768K)
 Metaspace       used 44357K, committed 44992K, reserved 1089536K
  class space    used 6364K, committed 6656K, reserved 1048576K
}
Event: 20.820 GC heap after
{Heap after GC invocations=60 (full 0):
 garbage-first heap   total 884736K, used 240211K [0x0000000740000000, 0x0000000800000000)
  region size 32768K, 1 young (32768K), 1 survivors (32768K)
 Metaspace       used 44357K, committed 44992K, reserved 1089536K
  class space    used 6364K, committed 6656K, reserved 1048576K
}
Event: 21.405 GC heap before
{Heap before GC invocations=60 (full 0):
 garbage-first heap   total 884736K, used 600659K [0x0000000740000000, 0x0000000800000000)
  region size 32768K, 12 young (393216K), 1 survivors (32768K)
 Metaspace       used 44385K, committed 44992K, reserved 1089536K
  class space    used 6365K, committed 6656K, reserved 1048576K
}
Event: 21.409 GC heap after
{Heap after GC invocations=61 (full 0):
 garbage-first heap   total 884736K, used 239548K [0x0000000740000000, 0x0000000800000000)
  region size 32768K, 1 young (32768K), 1 survivors (32768K)
 Metaspace       used 44385K, committed 44992K, reserved 1089536K
  class space    used 6365K, committed 6656K, reserved 1048576K
}
Event: 22.002 GC heap before
{Heap before GC invocations=61 (full 0):
 garbage-first heap   total 884736K, used 599996K [0x0000000740000000, 0x0000000800000000)
  region size 32768K, 12 young (393216K), 1 survivors (32768K)
 Metaspace       used 44411K, committed 45056K, reserved 1089536K
  class space    used 6365K, committed 6656K, reserved 1048576K
}
Event: 22.006 GC heap after
{Heap after GC invocations=62 (full 0):
 garbage-first heap   total 884736K, used 240016K [0x0000000740000000, 0x0000000800000000)
  region size 32768K, 1 young (32768K), 1 survivors (32768K)
 Metaspace       used 44411K, committed 45056K, reserved 1089536K
  class space    used 6365K, committed 6656K, reserved 1048576K
}
Event: 22.593 GC heap before
{Heap before GC invocations=62 (full 0):
 garbage-first heap   total 884736K, used 600464K [0x0000000740000000, 0x0000000800000000)
  region size 32768K, 12 young (393216K), 1 survivors (32768K)
 Metaspace       used 44424K, committed 45056K, reserved 1089536K
  class space    used 6366K, committed 6656K, reserved 1048576K
}
Event: 22.597 GC heap after
{Heap after GC invocations=63 (full 0):
 garbage-first heap   total 884736K, used 240435K [0x0000000740000000, 0x0000000800000000)
  region size 32768K, 1 young (32768K), 1 survivors (32768K)
 Metaspace       used 44424K, committed 45056K, reserved 1089536K
  class space    used 6366K, committed 6656K, reserved 1048576K
}
Event: 23.182 GC heap before
{Heap before GC invocations=63 (full 0):
 garbage-first heap   total 884736K, used 600883K [0x0000000740000000, 0x0000000800000000)
  region size 32768K, 12 young (393216K), 1 survivors (32768K)
 Metaspace       used 44486K, committed 45120K, reserved 1089536K
  class space    used 6372K, committed 6656K, reserved 1048576K
}
Event: 23.189 GC heap after
{Heap after GC invocations=64 (full 0):
 garbage-first heap   total 884736K, used 240546K [0x0000000740000000, 0x0000000800000000)
  region size 32768K, 1 young (32768K), 1 survivors (32768K)
 Metaspace       used 44486K, committed 45120K, reserved 1089536K
  class space    used 6372K, committed 6656K, reserved 1048576K
}
Event: 23.789 GC heap before
{Heap before GC invocations=64 (full 0):
 garbage-first heap   total 884736K, used 600994K [0x0000000740000000, 0x0000000800000000)
  region size 32768K, 12 young (393216K), 1 survivors (32768K)
 Metaspace       used 44502K, committed 45120K, reserved 1089536K
  class space    used 6374K, committed 6656K, reserved 1048576K
}
Event: 23.794 GC heap after
{Heap after GC invocations=65 (full 0):
 garbage-first heap   total 884736K, used 241354K [0x0000000740000000, 0x0000000800000000)
  region size 32768K, 1 young (32768K), 1 survivors (32768K)
 Metaspace       used 44502K, committed 45120K, reserved 1089536K
  class space    used 6374K, committed 6656K, reserved 1048576K
}
Event: 24.391 GC heap before
{Heap before GC invocations=65 (full 0):
 garbage-first heap   total 884736K, used 601802K [0x0000000740000000, 0x0000000800000000)
  region size 32768K, 12 young (393216K), 1 survivors (32768K)
 Metaspace       used 44513K, committed 45120K, reserved 1089536K
  class space    used 6374K, committed 6656K, reserved 1048576K
}
Event: 24.396 GC heap after
{Heap after GC invocations=66 (full 0):
 garbage-first heap   total 884736K, used 239831K [0x0000000740000000, 0x0000000800000000)
  region size 32768K, 1 young (32768K), 1 survivors (32768K)
 Metaspace       used 44513K, committed 45120K, reserved 1089536K
  class space    used 6374K, committed 6656K, reserved 1048576K
}

