# JRE version: Java(TM) SE Runtime Environment (16.0+36) (build 16+36-2231)
# Java VM: Java HotSpot(TM) 64-Bit Server VM (16+36-2231, mixed mode, sharing, tiered, compressed oops, g1 gc, windows-amd64)
GC Precious Log:
 CPUs: 12 total, 12 available
 Memory: 16334M
 Large Page Support: Disabled
 NUMA Support: Disabled
 Compressed Oops: Enabled (Zero based)
 Heap Region Size: 32M
 Heap Min Capacity: 512M
 Heap Initial Capacity: 512M
 Heap Max Capacity: 3G
 Pre-touch: Disabled
 Parallel Workers: 10
 Concurrent Workers: 3
 Concurrent Refinement Workers: 10
 Periodic GC: Disabled
Heap:
 garbage-first heap   total 983040K, used 579545K [0x0000000740000000, 0x0000000800000000)
  region size 32768K, 12 young (393216K), 1 survivors (32768K)
 Metaspace       used 45891K, committed 46592K, reserved 1089536K
  class space    used 6453K, committed 6784K, reserved 1048576K
GC Heap History (20 events):
Event: 284.375 GC heap before
{Heap before GC invocations=241 (full 0):
 garbage-first heap   total 983040K, used 710931K [0x0000000740000000, 0x0000000800000000)
  region size 32768K, 15 young (491520K), 1 survivors (32768K)
 Metaspace       used 45337K, committed 46080K, reserved 1089536K
  class space    used 6403K, committed 6784K, reserved 1048576K
}
Event: 284.381 GC heap after
{Heap after GC invocations=242 (full 0):
 garbage-first heap   total 983040K, used 251725K [0x0000000740000000, 0x0000000800000000)
  region size 32768K, 1 young (32768K), 1 survivors (32768K)
 Metaspace       used 45337K, committed 46080K, reserved 1089536K
  class space    used 6403K, committed 6784K, reserved 1048576K
}
Event: 285.459 GC heap before
{Heap before GC invocations=242 (full 0):
 garbage-first heap   total 983040K, used 710477K [0x0000000740000000, 0x0000000800000000)
  region size 32768K, 15 young (491520K), 1 survivors (32768K)
 Metaspace       used 45340K, committed 46080K, reserved 1089536K
  class space    used 6403K, committed 6784K, reserved 1048576K
}
Event: 285.466 GC heap after
{Heap after GC invocations=243 (full 0):
 garbage-first heap   total 983040K, used 252525K [0x0000000740000000, 0x0000000800000000)
  region size 32768K, 1 young (32768K), 1 survivors (32768K)
 Metaspace       used 45340K, committed 46080K, reserved 1089536K
  class space    used 6403K, committed 6784K, reserved 1048576K
}
Event: 286.565 GC heap before
{Heap before GC invocations=243 (full 0):
 garbage-first heap   total 983040K, used 711277K [0x0000000740000000, 0x0000000800000000)
  region size 32768K, 15 young (491520K), 1 survivors (32768K)
 Metaspace       used 45373K, committed 46144K, reserved 1089536K
  class space    used 6406K, committed 6784K, reserved 1048576K
}
Event: 286.570 GC heap after
{Heap after GC invocations=244 (full 0):
 garbage-first heap   total 983040K, used 252094K [0x0000000740000000, 0x0000000800000000)
  region size 32768K, 1 young (32768K), 1 survivors (32768K)
 Metaspace       used 45373K, committed 46144K, reserved 1089536K
  class space    used 6406K, committed 6784K, reserved 1048576K
}
Event: 287.591 GC heap before
{Heap before GC invocations=244 (full 0):
 garbage-first heap   total 983040K, used 710846K [0x0000000740000000, 0x0000000800000000)
  region size 32768K, 15 young (491520K), 1 survivors (32768K)
 Metaspace       used 45389K, committed 46144K, reserved 1089536K
  class space    used 6407K, committed 6784K, reserved 1048576K
}
Event: 287.596 GC heap after
{Heap after GC invocations=245 (full 0):
 garbage-first heap   total 983040K, used 252300K [0x0000000740000000, 0x0000000800000000)
  region size 32768K, 1 young (32768K), 1 survivors (32768K)
 Metaspace       used 45389K, committed 46144K, reserved 1089536K
  class space    used 6407K, committed 6784K, reserved 1048576K
}
Event: 288.638 GC heap before
{Heap before GC invocations=245 (full 0):
 garbage-first heap   total 983040K, used 711052K [0x0000000740000000, 0x0000000800000000)
  region size 32768K, 15 young (491520K), 1 survivors (32768K)
 Metaspace       used 45395K, committed 46144K, reserved 1089536K
  class space    used 6407K, committed 6784K, reserved 1048576K
}
Event: 288.643 GC heap after
{Heap after GC invocations=246 (full 0):
 garbage-first heap   total 983040K, used 252107K [0x0000000740000000, 0x0000000800000000)
  region size 32768K, 1 young (32768K), 1 survivors (32768K)
 Metaspace       used 45395K, committed 46144K, reserved 1089536K
  class space    used 6407K, committed 6784K, reserved 1048576K
}
Event: 289.757 GC heap before
{Heap before GC invocations=246 (full 0):
 garbage-first heap   total 983040K, used 710859K [0x0000000740000000, 0x0000000800000000)
  region size 32768K, 15 young (491520K), 1 survivors (32768K)
 Metaspace       used 45784K, committed 46528K, reserved 1089536K
  class space    used 6451K, committed 6784K, reserved 1048576K
}
Event: 289.765 GC heap after
{Heap after GC invocations=247 (full 0):
 garbage-first heap   total 983040K, used 253361K [0x0000000740000000, 0x0000000800000000)
  region size 32768K, 1 young (32768K), 1 survivors (32768K)
 Metaspace       used 45784K, committed 46528K, reserved 1089536K
  class space    used 6451K, committed 6784K, reserved 1048576K
}
Event: 290.493 GC heap before
{Heap before GC invocations=247 (full 0):
 garbage-first heap   total 983040K, used 712113K [0x0000000740000000, 0x0000000800000000)
  region size 32768K, 15 young (491520K), 1 survivors (32768K)
 Metaspace       used 45846K, committed 46528K, reserved 1089536K
  class space    used 6452K, committed 6784K, reserved 1048576K
}
Event: 290.503 GC heap after
{Heap after GC invocations=248 (full 0):
 garbage-first heap   total 983040K, used 273450K [0x0000000740000000, 0x0000000800000000)
  region size 32768K, 2 young (65536K), 2 survivors (65536K)
 Metaspace       used 45846K, committed 46528K, reserved 1089536K
  class space    used 6452K, committed 6784K, reserved 1048576K
}
Event: 291.048 GC heap before
{Heap before GC invocations=248 (full 0):
 garbage-first heap   total 983040K, used 666666K [0x0000000740000000, 0x0000000800000000)
  region size 32768K, 14 young (458752K), 2 survivors (65536K)
 Metaspace       used 45851K, committed 46528K, reserved 1089536K
  class space    used 6452K, committed 6784K, reserved 1048576K
}
Event: 291.060 GC heap after
{Heap after GC invocations=249 (full 0):
 garbage-first heap   total 983040K, used 284849K [0x0000000740000000, 0x0000000800000000)
  region size 32768K, 2 young (65536K), 2 survivors (65536K)
 Metaspace       used 45851K, committed 46528K, reserved 1089536K
  class space    used 6452K, committed 6784K, reserved 1048576K
}
Event: 291.208 GC heap before
{Heap before GC invocations=249 (full 0):
 garbage-first heap   total 983040K, used 678065K [0x0000000740000000, 0x0000000800000000)
  region size 32768K, 14 young (458752K), 2 survivors (65536K)
 Metaspace       used 45851K, committed 46528K, reserved 1089536K
  class space    used 6452K, committed 6784K, reserved 1048576K
}
Event: 291.215 GC heap after
{Heap after GC invocations=250 (full 0):
 garbage-first heap   total 983040K, used 286998K [0x0000000740000000, 0x0000000800000000)
  region size 32768K, 1 young (32768K), 1 survivors (32768K)
 Metaspace       used 45851K, committed 46528K, reserved 1089536K
  class space    used 6452K, committed 6784K, reserved 1048576K
}
Event: 291.386 GC heap before
{Heap before GC invocations=250 (full 0):
 garbage-first heap   total 983040K, used 712982K [0x0000000740000000, 0x0000000800000000)
  region size 32768K, 14 young (458752K), 1 survivors (32768K)
 Metaspace       used 45851K, committed 46528K, reserved 1089536K
  class space    used 6452K, committed 6784K, reserved 1048576K
}
Event: 291.389 GC heap after
{Heap after GC invocations=251 (full 0):
 garbage-first heap   total 983040K, used 284633K [0x0000000740000000, 0x0000000800000000)
  region size 32768K, 1 young (32768K), 1 survivors (32768K)
 Metaspace       used 45851K, committed 46528K, reserved 1089536K
  class space    used 6452K, committed 6784K, reserved 1048576K
}

