# JRE version: Java(TM) SE Runtime Environment (16.0+36) (build 16+36-2231)
# Java VM: Java HotSpot(TM) 64-Bit Server VM (16+36-2231, mixed mode, sharing, tiered, compressed oops, g1 gc, windows-amd64)
GC Precious Log:
 CPUs: 12 total, 12 available
 Memory: 16334M
 Large Page Support: Disabled
 NUMA Support: Disabled
 Compressed Oops: Enabled (Zero based)
 Heap Region Size: 32M
 Heap Min Capacity: 512M
 Heap Initial Capacity: 512M
 Heap Max Capacity: 3G
 Pre-touch: Disabled
 Parallel Workers: 10
 Concurrent Workers: 3
 Concurrent Refinement Workers: 10
 Periodic GC: Disabled
Heap:
 garbage-first heap   total 1343488K, used 265327K [0x0000000740000000, 0x0000000800000000)
  region size 32768K, 5 young (163840K), 3 survivors (98304K)
 Metaspace       used 33110K, committed 33408K, reserved 1081344K
  class space    used 4795K, committed 4928K, reserved 1048576K
GC Heap History (20 events):
Event: 8.281 GC heap before
{Heap before GC invocations=30 (full 0):
 garbage-first heap   total 1343488K, used 933646K [0x0000000740000000, 0x0000000800000000)
  region size 32768K, 24 young (786432K), 1 survivors (32768K)
 Metaspace       used 32118K, committed 32512K, reserved 1081344K
  class space    used 4702K, committed 4928K, reserved 1048576K
}
Event: 8.283 GC heap after
{Heap after GC invocations=31 (full 0):
 garbage-first heap   total 1343488K, used 180035K [0x0000000740000000, 0x0000000800000000)
  region size 32768K, 1 young (32768K), 1 survivors (32768K)
 Metaspace       used 32118K, committed 32512K, reserved 1081344K
  class space    used 4702K, committed 4928K, reserved 1048576K
}
Event: 8.343 GC heap before
{Heap before GC invocations=31 (full 0):
 garbage-first heap   total 1343488K, used 933699K [0x0000000740000000, 0x0000000800000000)
  region size 32768K, 24 young (786432K), 1 survivors (32768K)
 Metaspace       used 32118K, committed 32512K, reserved 1081344K
  class space    used 4702K, committed 4928K, reserved 1048576K
}
Event: 8.344 GC heap after
{Heap after GC invocations=32 (full 0):
 garbage-first heap   total 1343488K, used 179804K [0x0000000740000000, 0x0000000800000000)
  region size 32768K, 1 young (32768K), 1 survivors (32768K)
 Metaspace       used 32118K, committed 32512K, reserved 1081344K
  class space    used 4702K, committed 4928K, reserved 1048576K
}
Event: 8.429 GC heap before
{Heap before GC invocations=32 (full 0):
 garbage-first heap   total 1343488K, used 933468K [0x0000000740000000, 0x0000000800000000)
  region size 32768K, 24 young (786432K), 1 survivors (32768K)
 Metaspace       used 32121K, committed 32512K, reserved 1081344K
  class space    used 4703K, committed 4928K, reserved 1048576K
}
Event: 8.430 GC heap after
{Heap after GC invocations=33 (full 0):
 garbage-first heap   total 1343488K, used 179835K [0x0000000740000000, 0x0000000800000000)
  region size 32768K, 1 young (32768K), 1 survivors (32768K)
 Metaspace       used 32121K, committed 32512K, reserved 1081344K
  class space    used 4703K, committed 4928K, reserved 1048576K
}
Event: 8.495 GC heap before
{Heap before GC invocations=33 (full 0):
 garbage-first heap   total 1343488K, used 933499K [0x0000000740000000, 0x0000000800000000)
  region size 32768K, 24 young (786432K), 1 survivors (32768K)
 Metaspace       used 32121K, committed 32512K, reserved 1081344K
  class space    used 4703K, committed 4928K, reserved 1048576K
}
Event: 8.496 GC heap after
{Heap after GC invocations=34 (full 0):
 garbage-first heap   total 1343488K, used 179840K [0x0000000740000000, 0x0000000800000000)
  region size 32768K, 1 young (32768K), 1 survivors (32768K)
 Metaspace       used 32121K, committed 32512K, reserved 1081344K
  class space    used 4703K, committed 4928K, reserved 1048576K
}
Event: 8.559 GC heap before
{Heap before GC invocations=34 (full 0):
 garbage-first heap   total 1343488K, used 933504K [0x0000000740000000, 0x0000000800000000)
  region size 32768K, 24 young (786432K), 1 survivors (32768K)
 Metaspace       used 32121K, committed 32512K, reserved 1081344K
  class space    used 4703K, committed 4928K, reserved 1048576K
}
Event: 8.560 GC heap after
{Heap after GC invocations=35 (full 0):
 garbage-first heap   total 1343488K, used 179858K [0x0000000740000000, 0x0000000800000000)
  region size 32768K, 1 young (32768K), 1 survivors (32768K)
 Metaspace       used 32121K, committed 32512K, reserved 1081344K
  class space    used 4703K, committed 4928K, reserved 1048576K
}
Event: 8.625 GC heap before
{Heap before GC invocations=35 (full 0):
 garbage-first heap   total 1343488K, used 933522K [0x0000000740000000, 0x0000000800000000)
  region size 32768K, 24 young (786432K), 1 survivors (32768K)
 Metaspace       used 32121K, committed 32512K, reserved 1081344K
  class space    used 4703K, committed 4928K, reserved 1048576K
}
Event: 8.626 GC heap after
{Heap after GC invocations=36 (full 0):
 garbage-first heap   total 1343488K, used 179896K [0x0000000740000000, 0x0000000800000000)
  region size 32768K, 1 young (32768K), 1 survivors (32768K)
 Metaspace       used 32121K, committed 32512K, reserved 1081344K
  class space    used 4703K, committed 4928K, reserved 1048576K
}
Event: 8.690 GC heap before
{Heap before GC invocations=36 (full 0):
 garbage-first heap   total 1343488K, used 933560K [0x0000000740000000, 0x0000000800000000)
  region size 32768K, 24 young (786432K), 1 survivors (32768K)
 Metaspace       used 32121K, committed 32512K, reserved 1081344K
  class space    used 4703K, committed 4928K, reserved 1048576K
}
Event: 8.691 GC heap after
{Heap after GC invocations=37 (full 0):
 garbage-first heap   total 1343488K, used 179929K [0x0000000740000000, 0x0000000800000000)
  region size 32768K, 1 young (32768K), 1 survivors (32768K)
 Metaspace       used 32121K, committed 32512K, reserved 1081344K
  class space    used 4703K, committed 4928K, reserved 1048576K
}
Event: 9.002 GC heap before
{Heap before GC invocations=37 (full 0):
 garbage-first heap   total 1343488K, used 900825K [0x0000000740000000, 0x0000000800000000)
  region size 32768K, 24 young (786432K), 1 survivors (32768K)
 Metaspace       used 32583K, committed 32960K, reserved 1081344K
  class space    used 4753K, committed 4928K, reserved 1048576K
}
Event: 9.003 GC heap after
{Heap after GC invocations=38 (full 0):
 garbage-first heap   total 1343488K, used 180357K [0x0000000740000000, 0x0000000800000000)
  region size 32768K, 1 young (32768K), 1 survivors (32768K)
 Metaspace       used 32583K, committed 32960K, reserved 1081344K
  class space    used 4753K, committed 4928K, reserved 1048576K
}
Event: 9.443 GC heap before
{Heap before GC invocations=38 (full 0):
 garbage-first heap   total 1343488K, used 901253K [0x0000000740000000, 0x0000000800000000)
  region size 32768K, 24 young (786432K), 1 survivors (32768K)
 Metaspace       used 32751K, committed 33088K, reserved 1081344K
  class space    used 4761K, committed 4928K, reserved 1048576K
}
Event: 9.445 GC heap after
{Heap after GC invocations=39 (full 0):
 garbage-first heap   total 1343488K, used 180648K [0x0000000740000000, 0x0000000800000000)
  region size 32768K, 1 young (32768K), 1 survivors (32768K)
 Metaspace       used 32751K, committed 33088K, reserved 1081344K
  class space    used 4761K, committed 4928K, reserved 1048576K
}
Event: 9.850 GC heap before
{Heap before GC invocations=39 (full 0):
 garbage-first heap   total 1343488K, used 901544K [0x0000000740000000, 0x0000000800000000)
  region size 32768K, 24 young (786432K), 1 survivors (32768K)
 Metaspace       used 32946K, committed 33280K, reserved 1081344K
  class space    used 4780K, committed 4928K, reserved 1048576K
}
Event: 9.855 GC heap after
{Heap after GC invocations=40 (full 0):
 garbage-first heap   total 1343488K, used 265327K [0x0000000740000000, 0x0000000800000000)
  region size 32768K, 3 young (98304K), 3 survivors (98304K)
 Metaspace       used 32946K, committed 33280K, reserved 1081344K
  class space    used 4780K, committed 4928K, reserved 1048576K
}

